2024-11-16T15:17:57.952Z [INFO] App started on port 3000 with name NAMIKAZE
2024-11-16T15:17:57.968Z [INFO] Server running on port 3000
2024-11-16T15:18:34.652Z [INFO] Request received on route /
2024-11-16T15:18:41.427Z [INFO] Request received on route /metadata
2024-11-16T15:18:51.808Z [WARN] Warning: User with IP ::1 has made 3 requests on 2024-11-16T15:18:51.806Z
2024-11-16T15:18:51.810Z [INFO] Request received on route /
2024-11-16T15:18:59.819Z [INFO] Request received on route /metadata
2024-11-16T15:19:57.265Z [INFO] Request received on route /metadata
2024-11-16T15:20:02.854Z [INFO] Request received on route /metadata
2024-11-16T15:20:21.041Z [INFO] Request received on route /metadata
2024-11-16T15:20:22.236Z [INFO] Request received on route /metadata
2024-11-16T15:20:22.909Z [INFO] Request received on route /metadata
2024-11-16T15:20:23.013Z [ERROR] Too many requst from ::1 on 2024-11-16T15:20:23.012Z
2024-11-16T15:20:23.352Z [ERROR] Too many requst from ::1 on 2024-11-16T15:20:23.350Z
2024-11-16T15:20:23.480Z [ERROR] Too many requst from ::1 on 2024-11-16T15:20:23.479Z
2024-11-16T15:20:23.646Z [ERROR] Too many requst from ::1 on 2024-11-16T15:20:23.646Z
2024-11-16T15:20:23.731Z [ERROR] Too many requst from ::1 on 2024-11-16T15:20:23.731Z
2024-11-16T15:20:26.679Z [ERROR] Too many requst from ::1 on 2024-11-16T15:20:26.678Z
2024-11-16T15:20:26.781Z [ERROR] Too many requst from ::1 on 2024-11-16T15:20:26.780Z
2024-11-16T15:20:27.184Z [ERROR] Too many requst from ::1 on 2024-11-16T15:20:27.179Z
2024-11-16T15:20:27.278Z [ERROR] Too many requst from ::1 on 2024-11-16T15:20:27.277Z
2024-11-16T15:20:27.405Z [ERROR] Too many requst from ::1 on 2024-11-16T15:20:27.404Z
2024-11-16T15:20:27.487Z [ERROR] Too many requst from ::1 on 2024-11-16T15:20:27.487Z
2024-11-16T15:20:27.614Z [ERROR] Too many requst from ::1 on 2024-11-16T15:20:27.613Z
2024-11-16T15:20:27.692Z [ERROR] Too many requst from ::1 on 2024-11-16T15:20:27.691Z
2024-11-16T15:20:27.820Z [ERROR] Too many requst from ::1 on 2024-11-16T15:20:27.820Z
2024-11-16T15:20:27.907Z [ERROR] Too many requst from ::1 on 2024-11-16T15:20:27.906Z
2024-11-16T15:20:28.043Z [ERROR] Too many requst from ::1 on 2024-11-16T15:20:28.043Z
2024-11-16T15:20:28.119Z [ERROR] Too many requst from ::1 on 2024-11-16T15:20:28.118Z
2024-11-16T15:20:28.250Z [ERROR] Too many requst from ::1 on 2024-11-16T15:20:28.249Z
2024-11-16T15:20:28.318Z [ERROR] Too many requst from ::1 on 2024-11-16T15:20:28.317Z
2024-11-16T15:20:28.464Z [ERROR] Too many requst from ::1 on 2024-11-16T15:20:28.464Z
2024-11-16T15:20:28.543Z [ERROR] Too many requst from ::1 on 2024-11-16T15:20:28.542Z
2024-11-16T15:20:28.668Z [ERROR] Too many requst from ::1 on 2024-11-16T15:20:28.667Z
2024-11-16T15:20:28.730Z [ERROR] Too many requst from ::1 on 2024-11-16T15:20:28.729Z
2024-11-16T15:20:28.886Z [ERROR] Too many requst from ::1 on 2024-11-16T15:20:28.886Z
2024-11-16T15:20:28.959Z [ERROR] Too many requst from ::1 on 2024-11-16T15:20:28.959Z
2024-11-16T15:20:29.086Z [ERROR] Too many requst from ::1 on 2024-11-16T15:20:29.086Z
2024-11-16T15:20:29.159Z [ERROR] Too many requst from ::1 on 2024-11-16T15:20:29.158Z
2024-11-16T15:20:29.285Z [ERROR] Too many requst from ::1 on 2024-11-16T15:20:29.285Z
2024-11-16T15:20:29.376Z [ERROR] Too many requst from ::1 on 2024-11-16T15:20:29.376Z
2024-11-16T15:20:29.496Z [ERROR] Too many requst from ::1 on 2024-11-16T15:20:29.496Z
2024-11-16T15:20:29.581Z [ERROR] Too many requst from ::1 on 2024-11-16T15:20:29.580Z
2024-11-16T15:20:33.519Z [ERROR] Too many requst from ::1 on 2024-11-16T15:20:33.518Z
2024-11-16T15:20:33.626Z [ERROR] Too many requst from ::1 on 2024-11-16T15:20:33.625Z
2024-11-16T15:20:34.138Z [ERROR] Too many requst from ::1 on 2024-11-16T15:20:34.137Z
2024-11-16T15:20:34.239Z [ERROR] Too many requst from ::1 on 2024-11-16T15:20:34.238Z
2024-11-16T15:20:34.625Z [ERROR] Too many requst from ::1 on 2024-11-16T15:20:34.625Z
2024-11-16T15:20:34.722Z [ERROR] Too many requst from ::1 on 2024-11-16T15:20:34.722Z
2024-11-16T15:20:35.642Z [ERROR] Too many requst from ::1 on 2024-11-16T15:20:35.641Z
2024-11-16T15:20:35.746Z [ERROR] Too many requst from ::1 on 2024-11-16T15:20:35.745Z
2024-11-16T15:20:36.423Z [INFO] Request received on route /metadata
2024-11-16T15:21:07.223Z [INFO] App started on port 3000 with name NAMIKAZE
2024-11-16T15:21:07.234Z [INFO] Server running on port 3000
2024-11-16T15:21:32.294Z [INFO] Request received on route /metadata
2024-11-16T15:21:42.201Z [WARN] Warning: User with IP ::1 has made 3 requests on 2024-11-16T15:21:42.199Z
2024-11-16T15:21:42.202Z [INFO] Request received on route /metadata
2024-11-16T15:21:42.994Z [INFO] Request received on route /metadata
2024-11-16T15:21:43.089Z [ERROR] Too many requst from ::1 on 2024-11-16T15:21:43.087Z
2024-11-16T15:21:43.550Z [ERROR] Too many requst from ::1 on 2024-11-16T15:21:43.550Z
2024-11-16T15:21:43.643Z [ERROR] Too many requst from ::1 on 2024-11-16T15:21:43.642Z
2024-11-16T15:22:50.265Z [INFO] App started on port 3000 with name NAMIKAZE
2024-11-16T15:22:50.272Z [INFO] Server running on port 3000
2024-11-16T15:22:53.633Z [INFO] Request received on route /metadata
2024-11-16T15:23:09.488Z [INFO] App started on port 3000 with name NAMIKAZE
2024-11-16T15:23:09.506Z [INFO] Server running on port 3000
2024-11-16T15:23:11.763Z [INFO] Request received on route /metadata
2024-11-16T15:23:21.395Z [WARN] Warning: User with IP ::1 has made 3 requests on 2024-11-16T15:23:21.394Z
2024-11-16T15:23:21.397Z [WARN] Warning: User with IP ::1 has accessed /status Date 2024-11-16T15:23:21.396Z
